-------------------------------------------------------------------------------
>Log Session: 26 October 2002 10:51:00 o'clock GMT
>System Info: 
  Product Version       = Forte for Java, CE v. 3.0 (Build 010817)
  IDE Versioning        = IDE/1 spec=1.2.2 impl=010817
  Operating System      = Windows 2000 version 5.0 running on x86
  Java; VM; Vendor      = 1.4.0; Java HotSpot(TM) Client VM 1.4.0-b92; Sun Microsystems Inc.
  Java Home             = c:\J2SDK_~1\JDK14~1.0\jre
  System Locale         = en_GB (f4j_ce)
  Home Dir; Current Dir = C:\Documents and Settings\pcuser; c:\J2SDK_Forte\forte4j\bin
  IDE Install; User Dir = C:\J2SDK_Forte\forte4j; h:\380
  CLASSPATH             = C:\J2SDK_Forte\forte4j\lib\patches\openide-compat.jar;C:\J2SDK_Forte\forte4j\lib\locale\core_f4j.jar;C:\J2SDK_Forte\forte4j\lib\locale\core_f4j_ce.jar;C:\J2SDK_Forte\forte4j\lib\locale\openide_f4j.jar;C:\J2SDK_Forte\forte4j\lib\core.jar;C:\J2SDK_Forte\forte4j\lib\openide-fs.jar;C:\J2SDK_Forte\forte4j\lib\openide-nodes.jar;C:\J2SDK_Forte\forte4j\lib\openide-util.jar;C:\J2SDK_Forte\forte4j\lib\openide.jar;C:\J2SDK_Forte\forte4j\lib\ext\bsh-1_0-fj.jar;C:\J2SDK_Forte\forte4j\lib\ext\cmd.jar;C:\J2SDK_Forte\forte4j\lib\ext\cosnaming.jar;C:\J2SDK_Forte\forte4j\lib\ext\ddl.jar;C:\J2SDK_Forte\forte4j\lib\ext\fjscript.jar;C:\J2SDK_Forte\forte4j\lib\ext\flute.jar;C:\J2SDK_Forte\forte4j\lib\ext\fscontext.jar;C:\J2SDK_Forte\forte4j\lib\ext\idlcompilers.jar;C:\J2SDK_Forte\forte4j\lib\ext\jaas.jar;C:\J2SDK_Forte\forte4j\lib\ext\jaxp.jar;C:\J2SDK_Forte\forte4j\lib\ext\jh.jar;C:\J2SDK_Forte\forte4j\lib\ext\jndi.jar;C:\J2SDK_Forte\forte4j\lib\ext\ldap.jar;C:\J2SDK_Forte\forte4j\lib\ext\ldapbp.jar;C:\J2SDK_Forte\forte4j\lib\ext\logger.jar;C:\J2SDK_Forte\forte4j\lib\ext\nis.jar;C:\J2SDK_Forte\forte4j\lib\ext\openorb-1.0.2.jar;C:\J2SDK_Forte\forte4j\lib\ext\parser.jar;C:\J2SDK_Forte\forte4j\lib\ext\providerutil.jar;C:\J2SDK_Forte\forte4j\lib\ext\regexp.jar;C:\J2SDK_Forte\forte4j\lib\ext\rmi-ext.jar;C:\J2SDK_Forte\forte4j\lib\ext\rmiregistry.jar;C:\J2SDK_Forte\forte4j\lib\ext\sac.jar;C:\J2SDK_Forte\forte4j\lib\ext\sax2.jar;C:\J2SDK_Forte\forte4j\lib\ext\servlet.jar;C:\J2SDK_Forte\forte4j\lib\ext\xerces.jar;C:\J2SDK_Forte\forte4j\lib\ext\pbclient.jar;C:\J2SDK_Forte\forte4j\lib\ext\jdbc20x.zip;c:\J2SDK_~1\JDK14~1.0\lib\dt.jar;c:\J2SDK_~1\JDK14~1.0\lib\tools.jar
-------------------------------------------------------------------------------
-------------------------------------------------------------------------------
>Log Session: 26 October 2002 10:51:13 o'clock GMT
>System Info: 
  Product Version       = Forte for Java, CE v. 3.0 (Build 010817)
  IDE Versioning        = IDE/1 spec=1.2.2 impl=010817
  Operating System      = Windows 2000 version 5.0 running on x86
  Java; VM; Vendor      = 1.4.0; Java HotSpot(TM) Client VM 1.4.0-b92; Sun Microsystems Inc.
  Java Home             = c:\J2SDK_~1\JDK14~1.0\jre
  System Locale         = en_GB (f4j_ce)
  Home Dir; Current Dir = C:\Documents and Settings\pcuser; c:\J2SDK_Forte\forte4j\bin
  IDE Install; User Dir = C:\J2SDK_Forte\forte4j; h:\380
  CLASSPATH             = C:\J2SDK_Forte\forte4j\lib\patches\openide-compat.jar;C:\J2SDK_Forte\forte4j\lib\locale\core_f4j.jar;C:\J2SDK_Forte\forte4j\lib\locale\core_f4j_ce.jar;C:\J2SDK_Forte\forte4j\lib\locale\openide_f4j.jar;C:\J2SDK_Forte\forte4j\lib\core.jar;C:\J2SDK_Forte\forte4j\lib\openide-fs.jar;C:\J2SDK_Forte\forte4j\lib\openide-nodes.jar;C:\J2SDK_Forte\forte4j\lib\openide-util.jar;C:\J2SDK_Forte\forte4j\lib\openide.jar;C:\J2SDK_Forte\forte4j\lib\ext\bsh-1_0-fj.jar;C:\J2SDK_Forte\forte4j\lib\ext\cmd.jar;C:\J2SDK_Forte\forte4j\lib\ext\cosnaming.jar;C:\J2SDK_Forte\forte4j\lib\ext\ddl.jar;C:\J2SDK_Forte\forte4j\lib\ext\fjscript.jar;C:\J2SDK_Forte\forte4j\lib\ext\flute.jar;C:\J2SDK_Forte\forte4j\lib\ext\fscontext.jar;C:\J2SDK_Forte\forte4j\lib\ext\idlcompilers.jar;C:\J2SDK_Forte\forte4j\lib\ext\jaas.jar;C:\J2SDK_Forte\forte4j\lib\ext\jaxp.jar;C:\J2SDK_Forte\forte4j\lib\ext\jh.jar;C:\J2SDK_Forte\forte4j\lib\ext\jndi.jar;C:\J2SDK_Forte\forte4j\lib\ext\ldap.jar;C:\J2SDK_Forte\forte4j\lib\ext\ldapbp.jar;C:\J2SDK_Forte\forte4j\lib\ext\logger.jar;C:\J2SDK_Forte\forte4j\lib\ext\nis.jar;C:\J2SDK_Forte\forte4j\lib\ext\openorb-1.0.2.jar;C:\J2SDK_Forte\forte4j\lib\ext\parser.jar;C:\J2SDK_Forte\forte4j\lib\ext\providerutil.jar;C:\J2SDK_Forte\forte4j\lib\ext\regexp.jar;C:\J2SDK_Forte\forte4j\lib\ext\rmi-ext.jar;C:\J2SDK_Forte\forte4j\lib\ext\rmiregistry.jar;C:\J2SDK_Forte\forte4j\lib\ext\sac.jar;C:\J2SDK_Forte\forte4j\lib\ext\sax2.jar;C:\J2SDK_Forte\forte4j\lib\ext\servlet.jar;C:\J2SDK_Forte\forte4j\lib\ext\xerces.jar;C:\J2SDK_Forte\forte4j\lib\ext\pbclient.jar;C:\J2SDK_Forte\forte4j\lib\ext\jdbc20x.zip;c:\J2SDK_~1\JDK14~1.0\lib\dt.jar;c:\J2SDK_~1\JDK14~1.0\lib\tools.jar
-------------------------------------------------------------------------------
[INFO] Loaded modules: org.netbeans.core/1 (1.0.1/unspec); com.sun.ffj.modules.registration (1.0/010817); com.sun.forte4j.modules.dd/1 (1.0/010817); com.sun.forte4j.modules.pointbase/1 (1.2/010817); org.apache.tools.ant.module/2 (2.2.2/010817); org.netbeans.modules.autoupdate/1 (2.0.1/010817); org.netbeans.modules.clazz/1 (1.6.2/010817); org.netbeans.modules.db/1 (1.4/010817); com.sun.forte4j.modules.dbmodel.jdbcimpl/1 (1.2/010817); org.netbeans.modules.debugger.core/2 (2.0.2/010817); org.netbeans.modules.applet/1 (1.6.2/010817); org.netbeans.modules.debugger.debug/1 (1.8.2/010817); org.netbeans.modules.debugger.jpda/1 (1.8.2/010817); org.netbeans.modules.editor/1 (1.7.2/010817); org.netbeans.modules.corba.idl.editor/1 (1.2/010817); org.netbeans.modules.filecopy/1 (1.4/010817); org.netbeans.modules.html/1 (1.7.2/010817); org.netbeans.modules.httpserver/1 (1.6.2/010817); org.netbeans.modules.extbrowser/1 (0.2.2/010817); org.netbeans.modules.image/1 (1.6.2/010817); org.netbeans.modules.jarpackager/2 (1.6.2/010817); org.netbeans.modules.java/1 (1.6.2/010817); com.sun.forte4j.persistence.internal.ui/1 (1.2/010817); org.netbeans.modules.beans/1 (1.6.2/010817); org.netbeans.modules.corba/1 (1.4/010817); org.netbeans.modules.form/2 (1.6.2/010817); org.netbeans.modules.javadoc/1 (1.6.2/010817); org.netbeans.modules.jndi/1 (1.4.1/010817); org.netbeans.modules.logger/1 (1.2.1/010817); com.sun.forte4j.modules.depclass/1 (1.1/010817); org.netbeans.modules.objectbrowser/1 (1.6.2/010817); org.netbeans.modules.projects/1 (1.6.2/010817); org.netbeans.modules.properties/1 (1.6.2/010817); org.netbeans.modules.i18n/1 (1.7.1/010817); org.netbeans.modules.i18n.form/2 (1.7.1/010817); org.netbeans.modules.jdbc/1 (1.2/010817); org.netbeans.modules.properties.syntax/1 (1.6.2/010817); org.netbeans.modules.text/1 (1.6.2/010817); org.netbeans.modules.usersguide/1 (1.7.3/010817); org.netbeans.modules.xml/1 (1.5/010817); org.netbeans.modules.xml.editor.coloring/1 (1.2/010817); org.openidex.util/1 (1.7.1/010817); org.netbeans.modules.j2eeserver/1 (1.1.3/010817); org.netbeans.modules.utilities/1 (1.6.2/010817); com.sun.forte4j.j2ee.lib/1 (1.0/010817); org.netbeans.modules.apisupport.lite/1 (0.1.2/010817); org.netbeans.modules.rmi/1 (1.3.2/010817); org.netbeans.modules.vcscore/1 (1.4.1.1/010817); org.netbeans.modules.cvsclient/1 (1.3.2/010817); org.netbeans.modules.vcs.advanced/1 (1.4.1.1/010817); org.netbeans.modules.vcs.cmdline/1 (1.7.1.1/010817); org.netbeans.modules.web.core/1 (1.2.2/010817); org.netbeans.modules.web.core.syntax/1 (1.2.2/010817); org.netbeans.modules.web.ie/1 (1.4/010817); org.netbeans.modules.web.tomcat/1 (1.2.2/010817)
[org.netbeans.core.modules] *********** Exception occurred ************
Sat Oct 26 10:51:31 GMT 2002: org.openide.util.io.SafeException: null
java.lang.NullPointerException
	at org.openide.util.SharedClassObject.createInstancePrivileged(SharedClassObject.java:421)
	at org.openide.util.SharedClassObject$SetAccessibleAction.run(SharedClassObject.java:715)
	at java.security.AccessController.doPrivileged(Native Method)
	at org.openide.util.SharedClassObject.findObject(SharedClassObject.java:392)
	at org.openide.util.SharedClassObject$WriteReplace.readObject(SharedClassObject.java:475)
	at sun.reflect.GeneratedMethodAccessor7.invoke(Unknown Source)
	at sun.reflect.DelegatingMethodAccessorImpl.invoke(DelegatingMethodAccessorImpl.java:25)
	at java.lang.reflect.Method.invoke(Method.java:324)
	at java.io.ObjectStreamClass.invokeReadObject(ObjectStreamClass.java:809)
	at java.io.ObjectInputStream.readSerialData(ObjectInputStream.java:1733)
	at java.io.ObjectInputStream.readOrdinaryObject(ObjectInputStream.java:1636)
	at java.io.ObjectInputStream.readObject0(ObjectInputStream.java:1264)
	at java.io.ObjectInputStream.readObject(ObjectInputStream.java:322)
	at org.openide.util.io.NbObjectInputStream.readSafely(NbObjectInputStream.java:78)
[catch] at org.netbeans.core.ModuleInstaller.deExternalizeModules(ModuleInstaller.java:992)
	at org.netbeans.core.ModuleInstaller.initialize(ModuleInstaller.java:244)
	at org.netbeans.core.NonGui.run(NonGui.java:484)
	at org.netbeans.core.Main.run(Main.java:187)
	at org.openide.TopManager.initializeTopManager(TopManager.java:120)
	at org.openide.TopManager.getDefault(TopManager.java:81)
	at org.netbeans.core.Main.main(Main.java:274)
	at org.netbeans.core.TopThreadGroup.run(TopThreadGroup.java:90)
	at java.lang.Thread.run(Thread.java:536)
Creating samples directory h:\380\sampledir
Adding samples directory h:\380\sampledir to Filesystems.
OK, samples directory is still in Filesystems.
[INFO] Newly installed modules: com.iplanet.iws.integ.forte/1 (1.1/200108081113)
WARNING: c:\J2SDK_~1\JDK14~1.0\jre\lib\i18n.jar cannot be opened
org.openide.filesystems.FSException: File c:\J2SDK_~1\JDK14~1.0\jre\lib\i18n.jar does not exist.
WARNING: c:\J2SDK_~1\JDK14~1.0\jre\classes cannot be opened
org.openide.filesystems.FSException: Root c:\J2SDK_~1\JDK14~1.0\jre\classes does not exist.
[IDE-Exec] Executing:
0 .= c:\J2SDK_~1\JDK14~1.0\jre\..\bin\javac
1 .= -g
2 .= -classpath
3 .= h:\380\system;C:\J2SDK_Forte\forte4j\system;C:\J2SDK_Forte\forte4j\beans\TimerBean.jar;h:\380\sampledir;C:\J2SDK_Forte\forte4j\modules\ext\persistence-rt.jar;C:\J2SDK_Forte\forte4j\modules\ext\AbsoluteLayout.jar;C:\J2SDK_Forte\forte4j\modules\ext\sql.jar;C:\J2SDK_Forte\forte4j\modules\ext\rowset.jar;C:\J2SDK_Forte\forte4j\lib\ext\jdbc20x.zip;C:\J2SDK_Forte\forte4j\lib\ext\servlet.jar;
4 .= h:\380\sampledir\JFrame.java

[IDE-Exec] Executing:
0 .= c:\J2SDK_~1\JDK14~1.0\jre\bin\java
1 .= -cp
2 .= h:\380\system;C:\J2SDK_Forte\forte4j\system;C:\J2SDK_Forte\forte4j\beans\TimerBean.jar;h:\380\sampledir;C:\J2SDK_Forte\forte4j\modules\ext\persistence-rt.jar;C:\J2SDK_Forte\forte4j\modules\ext\AbsoluteLayout.jar;C:\J2SDK_Forte\forte4j\modules\ext\sql.jar;C:\J2SDK_Forte\forte4j\modules\ext\rowset.jar;C:\J2SDK_Forte\forte4j\lib\ext\jdbc20x.zip;C:\J2SDK_Forte\forte4j\lib\ext\servlet.jar;C:\J2SDK_Forte\forte4j\lib\locale\core_f4j.jar;C:\J2SDK_Forte\forte4j\lib\locale\core_f4j_ce.jar;C:\J2SDK_Forte\forte4j\lib\locale\openide_f4j.jar;C:\J2SDK_Forte\forte4j\lib\core.jar;C:\J2SDK_Forte\forte4j\lib\openide-fs.jar;C:\J2SDK_Forte\forte4j\lib\openide-nodes.jar;C:\J2SDK_Forte\forte4j\lib\openide-util.jar;C:\J2SDK_Forte\forte4j\lib\openide.jar;C:\J2SDK_Forte\forte4j\lib\ext\bsh-1_0-fj.jar;C:\J2SDK_Forte\forte4j\lib\ext\cmd.jar;C:\J2SDK_Forte\forte4j\lib\ext\cosnaming.jar;C:\J2SDK_Forte\forte4j\lib\ext\ddl.jar;C:\J2SDK_Forte\forte4j\lib\ext\fjscript.jar;C:\J2SDK_Forte\forte4j\lib\ext\flute.jar;C:\J2SDK_Forte\forte4j\lib\ext\fscontext.jar;C:\J2SDK_Forte\forte4j\lib\ext\idlcompilers.jar;C:\J2SDK_Forte\forte4j\lib\ext\jaas.jar;C:\J2SDK_Forte\forte4j\lib\ext\jaxp.jar;C:\J2SDK_Forte\forte4j\lib\ext\jh.jar;C:\J2SDK_Forte\forte4j\lib\ext\jndi.jar;C:\J2SDK_Forte\forte4j\lib\ext\ldap.jar;C:\J2SDK_Forte\forte4j\lib\ext\ldapbp.jar;C:\J2SDK_Forte\forte4j\lib\ext\logger.jar;C:\J2SDK_Forte\forte4j\lib\ext\nis.jar;C:\J2SDK_Forte\forte4j\lib\ext\openorb-1.0.2.jar;C:\J2SDK_Forte\forte4j\lib\ext\parser.jar;C:\J2SDK_Forte\forte4j\lib\ext\providerutil.jar;C:\J2SDK_Forte\forte4j\lib\ext\regexp.jar;C:\J2SDK_Forte\forte4j\lib\ext\rmi-ext.jar;C:\J2SDK_Forte\forte4j\lib\ext\rmiregistry.jar;C:\J2SDK_Forte\forte4j\lib\ext\sac.jar;C:\J2SDK_Forte\forte4j\lib\ext\sax2.jar;C:\J2SDK_Forte\forte4j\lib\ext\servlet.jar;C:\J2SDK_Forte\forte4j\lib\ext\xerces.jar;C:\J2SDK_Forte\forte4j\lib\ext\pbclient.jar;C:\J2SDK_Forte\forte4j\lib\ext\jdbc20x.zip;c:\J2SDK_~1\JDK14~1.0\lib\dt.jar;c:\J2SDK_~1\JDK14~1.0\lib\tools.jar;C:\J2SDK_Forte\forte4j\modules\registration.jar;C:\J2SDK_Forte\forte4j\modules\dd2beans.jar;C:\J2SDK_Forte\forte4j\modules\pointbase.jar;C:\J2SDK_Forte\forte4j\modules\ant.jar;C:\J2SDK_Forte\forte4j\modules\docs\ant-manual.zip;C:\J2SDK_Forte\forte4j\modules\ext\ant.jar;C:\J2SDK_Forte\forte4j\modules\ext\ant-optional.jar;C:\J2SDK_Forte\forte4j\modules\autoupdate.jar;C:\J2SDK_Forte\forte4j\modules\clazz.jar;C:\J2SDK_Forte\forte4j\modules\db.jar;C:\J2SDK_Forte\forte4j\modules\dbschema.jar;C:\J2SDK_Forte\forte4j\modules\debuggerCore.jar;C:\J2SDK_Forte\forte4j\modules\applet.jar;C:\J2SDK_Forte\forte4j\modules\jpdaDebugger.jar;C:\J2SDK_Forte\forte4j\modules\editor.jar;C:\J2SDK_Forte\forte4j\modules\ext\nb-editor.jar;C:\J2SDK_Forte\forte4j\modules\idl-syntax.jar;C:\J2SDK_Forte\forte4j\modules\filecopy.jar;C:\J2SDK_Forte\forte4j\modules\ext\ftpclient.jar;C:\J2SDK_Forte\forte4j\modules\html.jar;C:\J2SDK_Forte\forte4j\modules\httpserver.jar;C:\J2SDK_Forte\forte4j\modules\ext\webserver.jar;C:\J2SDK_Forte\forte4j\modules\extbrowser.jar;C:\J2SDK_Forte\forte4j\modules\image.jar;C:\J2SDK_Forte\forte4j\modules\jarpackager.jar;C:\J2SDK_Forte\forte4j\modules\java.jar;C:\J2SDK_Forte\forte4j\modules\ext\javac.jar;C:\J2SDK_Forte\forte4j\modules\ext\java-gj.jar;C:\J2SDK_Forte\forte4j\modules\persistence-ui.jar;C:\J2SDK_Forte\forte4j\modules\ext\persistence-rt.jar;C:\J2SDK_Forte\forte4j\modules\beans.jar;C:\J2SDK_Forte\forte4j\modules\corba.jar;C:\J2SDK_Forte\forte4j\modules\form.jar;C:\J2SDK_Forte\forte4j\modules\ext\AbsoluteLayout.jar;C:\J2SDK_Forte\forte4j\modules\javadoc.jar;C:\J2SDK_Forte\forte4j\modules\jndi.jar;C:\J2SDK_Forte\forte4j\modules\loggerModule.jar;C:\J2SDK_Forte\forte4j\modules\classfile.jar;C:\J2SDK_Forte\forte4j\modules\browser.jar;C:\J2SDK_Forte\forte4j\modules\ext\infobus.jar;C:\J2SDK_Forte\forte4j\modules\projects.jar;C:\J2SDK_Forte\forte4j\modules\properties.jar;C:\J2SDK_Forte\forte4j\modules\i18n.jar;C:\J2SDK_Forte\forte4j\modules\i18n-form.jar;C:\J2SDK_Forte\forte4j\modules\jdbc.jar;C:\J2SDK_Forte\forte4j\modules\ext\sql.jar;C:\J2SDK_Forte\forte4j\modules\ext\rowset.jar;C:\J2SDK_Forte\forte4j\modules\properties-syntax.jar;C:\J2SDK_Forte\forte4j\modules\text.jar;C:\J2SDK_Forte\forte4j\modules\usersguide.jar;C:\J2SDK_Forte\forte4j\modules\xml.jar;C:\J2SDK_Forte\forte4j\modules\xml-syntax.jar;C:\J2SDK_Forte\forte4j\modules\openidex.jar;C:\J2SDK_Forte\forte4j\modules\j2eeserver.jar;C:\J2SDK_Forte\forte4j\modules\utilities.jar;C:\J2SDK_Forte\forte4j\modules\locale\utilities_f4j.jar;C:\J2SDK_Forte\forte4j\modules\j2eelib.jar;C:\J2SDK_Forte\forte4j\modules\apisupport-lite.jar;C:\J2SDK_Forte\forte4j\modules\rmi.jar;C:\J2SDK_Forte\forte4j\modules\vcscore.jar;C:\J2SDK_Forte\forte4j\modules\javacvs.jar;C:\J2SDK_Forte\forte4j\modules\ext\cvslib.jar;C:\J2SDK_Forte\forte4j\modules\vcsgen.jar;C:\J2SDK_Forte\forte4j\modules\cvs.jar;C:\J2SDK_Forte\forte4j\modules\jsp.jar;C:\J2SDK_Forte\forte4j\modules\ext\jasper.jar;C:\J2SDK_Forte\forte4j\modules\jsp-syntax.jar;C:\J2SDK_Forte\forte4j\modules\jspie.jar;C:\J2SDK_Forte\forte4j\modules\jsp-tomcat.jar;C:\J2SDK_Forte\forte4j\modules\ext\tomcat-monitor.jar;C:\J2SDK_Forte\forte4j\modules\iplanet_wsae.jar
3 .= JFrame

[IDE-Exec] Executing:
0 .= c:\J2SDK_~1\JDK14~1.0\jre\..\bin\javac
1 .= -g
2 .= -classpath
3 .= h:\380\system;C:\J2SDK_Forte\forte4j\system;C:\J2SDK_Forte\forte4j\beans\TimerBean.jar;h:\380\sampledir;C:\J2SDK_Forte\forte4j\modules\ext\persistence-rt.jar;C:\J2SDK_Forte\forte4j\modules\ext\AbsoluteLayout.jar;C:\J2SDK_Forte\forte4j\modules\ext\sql.jar;C:\J2SDK_Forte\forte4j\modules\ext\rowset.jar;C:\J2SDK_Forte\forte4j\lib\ext\jdbc20x.zip;C:\J2SDK_Forte\forte4j\lib\ext\servlet.jar;
4 .= h:\380\sampledir\JFrame.java

[IDE-Exec] Executing:
0 .= c:\J2SDK_~1\JDK14~1.0\jre\bin\java
1 .= -cp
2 .= h:\380\system;C:\J2SDK_Forte\forte4j\system;C:\J2SDK_Forte\forte4j\beans\TimerBean.jar;h:\380\sampledir;C:\J2SDK_Forte\forte4j\modules\ext\persistence-rt.jar;C:\J2SDK_Forte\forte4j\modules\ext\AbsoluteLayout.jar;C:\J2SDK_Forte\forte4j\modules\ext\sql.jar;C:\J2SDK_Forte\forte4j\modules\ext\rowset.jar;C:\J2SDK_Forte\forte4j\lib\ext\jdbc20x.zip;C:\J2SDK_Forte\forte4j\lib\ext\servlet.jar;C:\J2SDK_Forte\forte4j\lib\locale\core_f4j.jar;C:\J2SDK_Forte\forte4j\lib\locale\core_f4j_ce.jar;C:\J2SDK_Forte\forte4j\lib\locale\openide_f4j.jar;C:\J2SDK_Forte\forte4j\lib\core.jar;C:\J2SDK_Forte\forte4j\lib\openide-fs.jar;C:\J2SDK_Forte\forte4j\lib\openide-nodes.jar;C:\J2SDK_Forte\forte4j\lib\openide-util.jar;C:\J2SDK_Forte\forte4j\lib\openide.jar;C:\J2SDK_Forte\forte4j\lib\ext\bsh-1_0-fj.jar;C:\J2SDK_Forte\forte4j\lib\ext\cmd.jar;C:\J2SDK_Forte\forte4j\lib\ext\cosnaming.jar;C:\J2SDK_Forte\forte4j\lib\ext\ddl.jar;C:\J2SDK_Forte\forte4j\lib\ext\fjscript.jar;C:\J2SDK_Forte\forte4j\lib\ext\flute.jar;C:\J2SDK_Forte\forte4j\lib\ext\fscontext.jar;C:\J2SDK_Forte\forte4j\lib\ext\idlcompilers.jar;C:\J2SDK_Forte\forte4j\lib\ext\jaas.jar;C:\J2SDK_Forte\forte4j\lib\ext\jaxp.jar;C:\J2SDK_Forte\forte4j\lib\ext\jh.jar;C:\J2SDK_Forte\forte4j\lib\ext\jndi.jar;C:\J2SDK_Forte\forte4j\lib\ext\ldap.jar;C:\J2SDK_Forte\forte4j\lib\ext\ldapbp.jar;C:\J2SDK_Forte\forte4j\lib\ext\logger.jar;C:\J2SDK_Forte\forte4j\lib\ext\nis.jar;C:\J2SDK_Forte\forte4j\lib\ext\openorb-1.0.2.jar;C:\J2SDK_Forte\forte4j\lib\ext\parser.jar;C:\J2SDK_Forte\forte4j\lib\ext\providerutil.jar;C:\J2SDK_Forte\forte4j\lib\ext\regexp.jar;C:\J2SDK_Forte\forte4j\lib\ext\rmi-ext.jar;C:\J2SDK_Forte\forte4j\lib\ext\rmiregistry.jar;C:\J2SDK_Forte\forte4j\lib\ext\sac.jar;C:\J2SDK_Forte\forte4j\lib\ext\sax2.jar;C:\J2SDK_Forte\forte4j\lib\ext\servlet.jar;C:\J2SDK_Forte\forte4j\lib\ext\xerces.jar;C:\J2SDK_Forte\forte4j\lib\ext\pbclient.jar;C:\J2SDK_Forte\forte4j\lib\ext\jdbc20x.zip;c:\J2SDK_~1\JDK14~1.0\lib\dt.jar;c:\J2SDK_~1\JDK14~1.0\lib\tools.jar;C:\J2SDK_Forte\forte4j\modules\registration.jar;C:\J2SDK_Forte\forte4j\modules\dd2beans.jar;C:\J2SDK_Forte\forte4j\modules\pointbase.jar;C:\J2SDK_Forte\forte4j\modules\ant.jar;C:\J2SDK_Forte\forte4j\modules\docs\ant-manual.zip;C:\J2SDK_Forte\forte4j\modules\ext\ant.jar;C:\J2SDK_Forte\forte4j\modules\ext\ant-optional.jar;C:\J2SDK_Forte\forte4j\modules\autoupdate.jar;C:\J2SDK_Forte\forte4j\modules\clazz.jar;C:\J2SDK_Forte\forte4j\modules\db.jar;C:\J2SDK_Forte\forte4j\modules\dbschema.jar;C:\J2SDK_Forte\forte4j\modules\debuggerCore.jar;C:\J2SDK_Forte\forte4j\modules\applet.jar;C:\J2SDK_Forte\forte4j\modules\jpdaDebugger.jar;C:\J2SDK_Forte\forte4j\modules\editor.jar;C:\J2SDK_Forte\forte4j\modules\ext\nb-editor.jar;C:\J2SDK_Forte\forte4j\modules\idl-syntax.jar;C:\J2SDK_Forte\forte4j\modules\filecopy.jar;C:\J2SDK_Forte\forte4j\modules\ext\ftpclient.jar;C:\J2SDK_Forte\forte4j\modules\html.jar;C:\J2SDK_Forte\forte4j\modules\httpserver.jar;C:\J2SDK_Forte\forte4j\modules\ext\webserver.jar;C:\J2SDK_Forte\forte4j\modules\extbrowser.jar;C:\J2SDK_Forte\forte4j\modules\image.jar;C:\J2SDK_Forte\forte4j\modules\jarpackager.jar;C:\J2SDK_Forte\forte4j\modules\java.jar;C:\J2SDK_Forte\forte4j\modules\ext\javac.jar;C:\J2SDK_Forte\forte4j\modules\ext\java-gj.jar;C:\J2SDK_Forte\forte4j\modules\persistence-ui.jar;C:\J2SDK_Forte\forte4j\modules\ext\persistence-rt.jar;C:\J2SDK_Forte\forte4j\modules\beans.jar;C:\J2SDK_Forte\forte4j\modules\corba.jar;C:\J2SDK_Forte\forte4j\modules\form.jar;C:\J2SDK_Forte\forte4j\modules\ext\AbsoluteLayout.jar;C:\J2SDK_Forte\forte4j\modules\javadoc.jar;C:\J2SDK_Forte\forte4j\modules\jndi.jar;C:\J2SDK_Forte\forte4j\modules\loggerModule.jar;C:\J2SDK_Forte\forte4j\modules\classfile.jar;C:\J2SDK_Forte\forte4j\modules\browser.jar;C:\J2SDK_Forte\forte4j\modules\ext\infobus.jar;C:\J2SDK_Forte\forte4j\modules\projects.jar;C:\J2SDK_Forte\forte4j\modules\properties.jar;C:\J2SDK_Forte\forte4j\modules\i18n.jar;C:\J2SDK_Forte\forte4j\modules\i18n-form.jar;C:\J2SDK_Forte\forte4j\modules\jdbc.jar;C:\J2SDK_Forte\forte4j\modules\ext\sql.jar;C:\J2SDK_Forte\forte4j\modules\ext\rowset.jar;C:\J2SDK_Forte\forte4j\modules\properties-syntax.jar;C:\J2SDK_Forte\forte4j\modules\text.jar;C:\J2SDK_Forte\forte4j\modules\usersguide.jar;C:\J2SDK_Forte\forte4j\modules\xml.jar;C:\J2SDK_Forte\forte4j\modules\xml-syntax.jar;C:\J2SDK_Forte\forte4j\modules\openidex.jar;C:\J2SDK_Forte\forte4j\modules\j2eeserver.jar;C:\J2SDK_Forte\forte4j\modules\utilities.jar;C:\J2SDK_Forte\forte4j\modules\locale\utilities_f4j.jar;C:\J2SDK_Forte\forte4j\modules\j2eelib.jar;C:\J2SDK_Forte\forte4j\modules\apisupport-lite.jar;C:\J2SDK_Forte\forte4j\modules\rmi.jar;C:\J2SDK_Forte\forte4j\modules\vcscore.jar;C:\J2SDK_Forte\forte4j\modules\javacvs.jar;C:\J2SDK_Forte\forte4j\modules\ext\cvslib.jar;C:\J2SDK_Forte\forte4j\modules\vcsgen.jar;C:\J2SDK_Forte\forte4j\modules\cvs.jar;C:\J2SDK_Forte\forte4j\modules\jsp.jar;C:\J2SDK_Forte\forte4j\modules\ext\jasper.jar;C:\J2SDK_Forte\forte4j\modules\jsp-syntax.jar;C:\J2SDK_Forte\forte4j\modules\jspie.jar;C:\J2SDK_Forte\forte4j\modules\jsp-tomcat.jar;C:\J2SDK_Forte\forte4j\modules\ext\tomcat-monitor.jar;C:\J2SDK_Forte\forte4j\modules\iplanet_wsae.jar
3 .= JFrame

[IDE-Exec] Executing:
0 .= c:\J2SDK_~1\JDK14~1.0\jre\..\bin\javac
1 .= -g
2 .= -classpath
3 .= h:\380\system;C:\J2SDK_Forte\forte4j\system;C:\J2SDK_Forte\forte4j\beans\TimerBean.jar;h:\380\sampledir;C:\J2SDK_Forte\forte4j\modules\ext\persistence-rt.jar;C:\J2SDK_Forte\forte4j\modules\ext\AbsoluteLayout.jar;C:\J2SDK_Forte\forte4j\modules\ext\sql.jar;C:\J2SDK_Forte\forte4j\modules\ext\rowset.jar;C:\J2SDK_Forte\forte4j\lib\ext\jdbc20x.zip;C:\J2SDK_Forte\forte4j\lib\ext\servlet.jar;
4 .= h:\380\sampledir\JFrame.java

[IDE-Exec] Executing:
0 .= c:\J2SDK_~1\JDK14~1.0\jre\bin\java
1 .= -cp
2 .= h:\380\system;C:\J2SDK_Forte\forte4j\system;C:\J2SDK_Forte\forte4j\beans\TimerBean.jar;h:\380\sampledir;C:\J2SDK_Forte\forte4j\modules\ext\persistence-rt.jar;C:\J2SDK_Forte\forte4j\modules\ext\AbsoluteLayout.jar;C:\J2SDK_Forte\forte4j\modules\ext\sql.jar;C:\J2SDK_Forte\forte4j\modules\ext\rowset.jar;C:\J2SDK_Forte\forte4j\lib\ext\jdbc20x.zip;C:\J2SDK_Forte\forte4j\lib\ext\servlet.jar;C:\J2SDK_Forte\forte4j\lib\locale\core_f4j.jar;C:\J2SDK_Forte\forte4j\lib\locale\core_f4j_ce.jar;C:\J2SDK_Forte\forte4j\lib\locale\openide_f4j.jar;C:\J2SDK_Forte\forte4j\lib\core.jar;C:\J2SDK_Forte\forte4j\lib\openide-fs.jar;C:\J2SDK_Forte\forte4j\lib\openide-nodes.jar;C:\J2SDK_Forte\forte4j\lib\openide-util.jar;C:\J2SDK_Forte\forte4j\lib\openide.jar;C:\J2SDK_Forte\forte4j\lib\ext\bsh-1_0-fj.jar;C:\J2SDK_Forte\forte4j\lib\ext\cmd.jar;C:\J2SDK_Forte\forte4j\lib\ext\cosnaming.jar;C:\J2SDK_Forte\forte4j\lib\ext\ddl.jar;C:\J2SDK_Forte\forte4j\lib\ext\fjscript.jar;C:\J2SDK_Forte\forte4j\lib\ext\flute.jar;C:\J2SDK_Forte\forte4j\lib\ext\fscontext.jar;C:\J2SDK_Forte\forte4j\lib\ext\idlcompilers.jar;C:\J2SDK_Forte\forte4j\lib\ext\jaas.jar;C:\J2SDK_Forte\forte4j\lib\ext\jaxp.jar;C:\J2SDK_Forte\forte4j\lib\ext\jh.jar;C:\J2SDK_Forte\forte4j\lib\ext\jndi.jar;C:\J2SDK_Forte\forte4j\lib\ext\ldap.jar;C:\J2SDK_Forte\forte4j\lib\ext\ldapbp.jar;C:\J2SDK_Forte\forte4j\lib\ext\logger.jar;C:\J2SDK_Forte\forte4j\lib\ext\nis.jar;C:\J2SDK_Forte\forte4j\lib\ext\openorb-1.0.2.jar;C:\J2SDK_Forte\forte4j\lib\ext\parser.jar;C:\J2SDK_Forte\forte4j\lib\ext\providerutil.jar;C:\J2SDK_Forte\forte4j\lib\ext\regexp.jar;C:\J2SDK_Forte\forte4j\lib\ext\rmi-ext.jar;C:\J2SDK_Forte\forte4j\lib\ext\rmiregistry.jar;C:\J2SDK_Forte\forte4j\lib\ext\sac.jar;C:\J2SDK_Forte\forte4j\lib\ext\sax2.jar;C:\J2SDK_Forte\forte4j\lib\ext\servlet.jar;C:\J2SDK_Forte\forte4j\lib\ext\xerces.jar;C:\J2SDK_Forte\forte4j\lib\ext\pbclient.jar;C:\J2SDK_Forte\forte4j\lib\ext\jdbc20x.zip;c:\J2SDK_~1\JDK14~1.0\lib\dt.jar;c:\J2SDK_~1\JDK14~1.0\lib\tools.jar;C:\J2SDK_Forte\forte4j\modules\registration.jar;C:\J2SDK_Forte\forte4j\modules\dd2beans.jar;C:\J2SDK_Forte\forte4j\modules\pointbase.jar;C:\J2SDK_Forte\forte4j\modules\ant.jar;C:\J2SDK_Forte\forte4j\modules\docs\ant-manual.zip;C:\J2SDK_Forte\forte4j\modules\ext\ant.jar;C:\J2SDK_Forte\forte4j\modules\ext\ant-optional.jar;C:\J2SDK_Forte\forte4j\modules\autoupdate.jar;C:\J2SDK_Forte\forte4j\modules\clazz.jar;C:\J2SDK_Forte\forte4j\modules\db.jar;C:\J2SDK_Forte\forte4j\modules\dbschema.jar;C:\J2SDK_Forte\forte4j\modules\debuggerCore.jar;C:\J2SDK_Forte\forte4j\modules\applet.jar;C:\J2SDK_Forte\forte4j\modules\jpdaDebugger.jar;C:\J2SDK_Forte\forte4j\modules\editor.jar;C:\J2SDK_Forte\forte4j\modules\ext\nb-editor.jar;C:\J2SDK_Forte\forte4j\modules\idl-syntax.jar;C:\J2SDK_Forte\forte4j\modules\filecopy.jar;C:\J2SDK_Forte\forte4j\modules\ext\ftpclient.jar;C:\J2SDK_Forte\forte4j\modules\html.jar;C:\J2SDK_Forte\forte4j\modules\httpserver.jar;C:\J2SDK_Forte\forte4j\modules\ext\webserver.jar;C:\J2SDK_Forte\forte4j\modules\extbrowser.jar;C:\J2SDK_Forte\forte4j\modules\image.jar;C:\J2SDK_Forte\forte4j\modules\jarpackager.jar;C:\J2SDK_Forte\forte4j\modules\java.jar;C:\J2SDK_Forte\forte4j\modules\ext\javac.jar;C:\J2SDK_Forte\forte4j\modules\ext\java-gj.jar;C:\J2SDK_Forte\forte4j\modules\persistence-ui.jar;C:\J2SDK_Forte\forte4j\modules\ext\persistence-rt.jar;C:\J2SDK_Forte\forte4j\modules\beans.jar;C:\J2SDK_Forte\forte4j\modules\corba.jar;C:\J2SDK_Forte\forte4j\modules\form.jar;C:\J2SDK_Forte\forte4j\modules\ext\AbsoluteLayout.jar;C:\J2SDK_Forte\forte4j\modules\javadoc.jar;C:\J2SDK_Forte\forte4j\modules\jndi.jar;C:\J2SDK_Forte\forte4j\modules\loggerModule.jar;C:\J2SDK_Forte\forte4j\modules\classfile.jar;C:\J2SDK_Forte\forte4j\modules\browser.jar;C:\J2SDK_Forte\forte4j\modules\ext\infobus.jar;C:\J2SDK_Forte\forte4j\modules\projects.jar;C:\J2SDK_Forte\forte4j\modules\properties.jar;C:\J2SDK_Forte\forte4j\modules\i18n.jar;C:\J2SDK_Forte\forte4j\modules\i18n-form.jar;C:\J2SDK_Forte\forte4j\modules\jdbc.jar;C:\J2SDK_Forte\forte4j\modules\ext\sql.jar;C:\J2SDK_Forte\forte4j\modules\ext\rowset.jar;C:\J2SDK_Forte\forte4j\modules\properties-syntax.jar;C:\J2SDK_Forte\forte4j\modules\text.jar;C:\J2SDK_Forte\forte4j\modules\usersguide.jar;C:\J2SDK_Forte\forte4j\modules\xml.jar;C:\J2SDK_Forte\forte4j\modules\xml-syntax.jar;C:\J2SDK_Forte\forte4j\modules\openidex.jar;C:\J2SDK_Forte\forte4j\modules\j2eeserver.jar;C:\J2SDK_Forte\forte4j\modules\utilities.jar;C:\J2SDK_Forte\forte4j\modules\locale\utilities_f4j.jar;C:\J2SDK_Forte\forte4j\modules\j2eelib.jar;C:\J2SDK_Forte\forte4j\modules\apisupport-lite.jar;C:\J2SDK_Forte\forte4j\modules\rmi.jar;C:\J2SDK_Forte\forte4j\modules\vcscore.jar;C:\J2SDK_Forte\forte4j\modules\javacvs.jar;C:\J2SDK_Forte\forte4j\modules\ext\cvslib.jar;C:\J2SDK_Forte\forte4j\modules\vcsgen.jar;C:\J2SDK_Forte\forte4j\modules\cvs.jar;C:\J2SDK_Forte\forte4j\modules\jsp.jar;C:\J2SDK_Forte\forte4j\modules\ext\jasper.jar;C:\J2SDK_Forte\forte4j\modules\jsp-syntax.jar;C:\J2SDK_Forte\forte4j\modules\jspie.jar;C:\J2SDK_Forte\forte4j\modules\jsp-tomcat.jar;C:\J2SDK_Forte\forte4j\modules\ext\tomcat-monitor.jar;C:\J2SDK_Forte\forte4j\modules\iplanet_wsae.jar
3 .= JFrame

