This is TeX, Version 3.14159 (Web2C 7.3.1) (format=latex 2001.10.8)  27 AUG 2002 10:19
**architecture.eps
(architecture.eps
LaTeX2e <1999/12/01> patch level 1
Babel <v3.6Z> and hyphenation patterns for american, french, german, ngerman, n
ohyphenation, loaded.

! LaTeX Error: Missing \begin{document}.

See the LaTeX manual or LaTeX Companion for explanation.
Type  H <return>  for immediate help.
 ...                                              
                                                  
l.13 /
      $F2psDict 200 dict def
? 
! Emergency stop.
 ...                                              
                                                  
l.13 /
      $F2psDict 200 dict def
You're in trouble here.  Try typing  <return>  to proceed.
If that doesn't work, type  X <return>  to quit.

 
Here is how much of TeX's memory you used:
 5 strings out of 10901
 181 string characters out of 71772
 44002 words of memory out of 263001
 3016 multiletter control sequences out of 10000+0
 3640 words of font info for 14 fonts, out of 400000 for 1000
 14 hyphenation exceptions out of 1000
 5i,0n,4p,62b,14s stack positions out of 300i,100n,500p,200000b,4000s
No pages of output.
